This is e-pTeX, Version 3.14159265-p3.7.1-161114-2.6 (utf8.euc) (TeX Live 2017) (preloaded format=platex 2017.11.29)  28 JAN 2020 16:27
entering extended mode
 restricted \write18 enabled.
 %&-line parsing enabled.
**main
(./main.tex
pLaTeX2e <2017/10/28>+2 (based on LaTeX2e <2017-04-15>)
Babel <3.15> and hyphenation patterns for 84 language(s) loaded.
(/usr/local/texlive/2017/texmf-dist/tex/platex/base/jreport.cls
Document Class: jreport 2017/09/19 v1.7g Standard pLaTeX class
\c@@paper=\count82
(/usr/local/texlive/2017/texmf-dist/tex/platex/base/jsize11.clo
File: jsize11.clo 2017/09/19 v1.7g Standard pLaTeX file (size option)
)
\c@part=\count83
\c@chapter=\count84
\c@section=\count85
\c@subsection=\count86
\c@subsubsection=\count87
\c@paragraph=\count88
\c@subparagraph=\count89
\c@figure=\count90
\c@table=\count91
\abovecaptionskip=\skip41
\belowcaptionskip=\skip42
\symmincho=\mathgroup4
LaTeX Font Info:    Overwriting symbol font `mincho' in version `bold'
(Font)                  JY1/mc/m/n --> JY1/gt/m/n on input line 702.
\toclineskip=\dimen118
\@lnumwidth=\dimen119
\bibindent=\dimen120
\heisei=\count92
) (./thesis.sty) (/usr/local/texlive/2017/texmf-dist/tex/platex/base/ascmac.sty
Package: ascmac 2017/07/22 v2.0d ascmac wrapper (community edition) 

(/usr/local/texlive/2017/texmf-dist/tex/platex/base/tascmac.sty
Package: tascmac 2017/07/22 v2.0d ascmac package (community edition) 
\@savetbaselineshift=\dimen121
\@saveybaselineshift=\dimen122
\scb@x=\box42
\scscb@x=\box43
\@bw=\dimen123
\@nbox=\box44
\@nbody=\box45
\@scw=\dimen124
\@itemh=\dimen125
\@iboxpos=\toks15
\@iboxstr=\box46
\@bwsp=\box47
\@@bwsp=\box48
\@bcal=\count93
\shaderule=\dimen126
))
(/usr/local/texlive/2017/texmf-dist/tex/latex/graphics/graphicx.sty
Package: graphicx 2017/06/01 v1.1a Enhanced LaTeX Graphics (DPC,SPQR)

(/usr/local/texlive/2017/texmf-dist/tex/latex/graphics/keyval.sty
Package: keyval 2014/10/28 v1.15 key=value parser (DPC)
\KV@toks@=\toks16
)
(/usr/local/texlive/2017/texmf-dist/tex/latex/graphics/graphics.sty
Package: graphics 2017/06/25 v1.2c Standard LaTeX Graphics (DPC,SPQR)

(/usr/local/texlive/2017/texmf-dist/tex/latex/graphics/trig.sty
Package: trig 2016/01/03 v1.10 sin cos tan (DPC)
)
(/usr/local/texlive/2017/texmf-dist/tex/latex/graphics-cfg/graphics.cfg
File: graphics.cfg 2016/06/04 v1.11 sample graphics configuration
)
Package graphics Info: Driver file: dvips.def on input line 99.

(/usr/local/texlive/2017/texmf-dist/tex/latex/graphics-def/dvips.def
File: dvips.def 2017/06/20 v3.1d Graphics/color driver for dvips
))
\Gin@req@height=\dimen127
\Gin@req@width=\dimen128
)
(/usr/local/texlive/2017/texmf-dist/tex/latex/multirow/multirow.sty
Package: multirow 2016/11/25 v2.2 Span multiple rows of a table
\multirow@colwidth=\skip43
\multirow@cntb=\count94
\multirow@dima=\skip44
\bigstrutjot=\dimen129
)
(/usr/local/texlive/2017/texmf-dist/tex/latex/url/url.sty
\Urlmuskip=\muskip10
Package: url 2013/09/16  ver 3.4  Verb mode for urls, etc.
)
(/usr/local/texlive/2017/texmf-dist/tex/latex/listings/listings.sty
\lst@mode=\count95
\lst@gtempboxa=\box49
\lst@token=\toks17
\lst@length=\count96
\lst@currlwidth=\dimen130
\lst@column=\count97
\lst@pos=\count98
\lst@lostspace=\dimen131
\lst@width=\dimen132
\lst@newlines=\count99
\lst@lineno=\count100
\lst@maxwidth=\dimen133

(/usr/local/texlive/2017/texmf-dist/tex/latex/listings/lstmisc.sty
File: lstmisc.sty 2015/06/04 1.6 (Carsten Heinz)
\c@lstnumber=\count101
\lst@skipnumbers=\count102
\lst@framebox=\box50
)
(/usr/local/texlive/2017/texmf-dist/tex/latex/listings/listings.cfg
File: listings.cfg 2015/06/04 1.6 listings configuration
))
Package: listings 2015/06/04 1.6 (Carsten Heinz)

(./dirtree.sty
Package: dirtree 2012/12/11 v0.32 package wrapper for dirtree
 (./dirtree.tex `dirtree' v0.32, 2012/12/11 (jcc)
\DT@offset=\dimen134
\DT@width=\dimen135
\DT@sep=\dimen136
\DT@all=\dimen137
\DT@rulewidth=\dimen138
\DT@dotwidth=\dimen139
\DTbaselineskip=\dimen140
\DT@counti=\count103
\DT@countii=\count104
\DT@countiii=\count105
\DT@countiv=\count106
\DT@indent=\dimen141
\DT@parskip=\dimen142
\DT@baselineskip=\dimen143
)
File: dirtree.tex 2012/12/11 v0.32 `dirtree' (jcc)
)
(/usr/local/texlive/2017/texmf-dist/tex/latex/graphics/color.sty
Package: color 2016/07/10 v1.1e Standard LaTeX Color (DPC)

(/usr/local/texlive/2017/texmf-dist/tex/latex/graphics-cfg/color.cfg
File: color.cfg 2016/01/02 v1.6 sample color configuration
)
Package color Info: Driver file: dvips.def on input line 147.

(/usr/local/texlive/2017/texmf-dist/tex/latex/graphics/dvipsnam.def
File: dvipsnam.def 2016/06/17 v3.0m Driver-dependent file (DPC,SPQR)
))
(./main.aux (./00_abstract.aux) (./01.aux

LaTeX Warning: Label `fig:onlinemeeting_to_real' multiply defined.


LaTeX Warning: Label `fig:onlinemeeting_to_real' multiply defined.

) (./05.aux) (./06.aux) (./07.aux

LaTeX Warning: Label `fig:system_architecture' multiply defined.

) (./08.aux

LaTeX Warning: Label `pvariance' multiply defined.

) (./09.aux) (./10.aux

LaTeX Warning: Label `tb:agegenderchart' multiply defined.


LaTeX Warning: Label `tb:agegenderchart' multiply defined.

) (./11.aux) (./90_acknowledgment.aux) (./91_bibliography.aux)
(./92_appendix.aux))
\openout1 = `main.aux'.

LaTeX Font Info:    Checking defaults for OML/cmm/m/it on input line 81.
LaTeX Font Info:    ... okay on input line 81.
LaTeX Font Info:    Checking defaults for T1/cmr/m/n on input line 81.
LaTeX Font Info:    ... okay on input line 81.
LaTeX Font Info:    Checking defaults for OT1/cmr/m/n on input line 81.
LaTeX Font Info:    ... okay on input line 81.
LaTeX Font Info:    Checking defaults for OMS/cmsy/m/n on input line 81.
LaTeX Font Info:    ... okay on input line 81.
LaTeX Font Info:    Checking defaults for OMX/cmex/m/n on input line 81.
LaTeX Font Info:    ... okay on input line 81.
LaTeX Font Info:    Checking defaults for U/cmr/m/n on input line 81.
LaTeX Font Info:    ... okay on input line 81.
LaTeX Font Info:    Checking defaults for JY1/mc/m/n on input line 81.
LaTeX Font Info:    ... okay on input line 81.
LaTeX Font Info:    Checking defaults for JT1/mc/m/n on input line 81.
LaTeX Font Info:    ... okay on input line 81.
\c@lstlisting=\count107
LaTeX Font Info:    Font shape `JT1/mc/bx/n' in size <20.74> not available
(Font)              Font shape `JT1/gt/m/n' tried instead on input line 84.
LaTeX Font Info:    Font shape `JY1/mc/bx/n' in size <20.74> not available
(Font)              Font shape `JY1/gt/m/n' tried instead on input line 84.
LaTeX Font Info:    External font `cmex10' loaded for size
(Font)              <17.28> on input line 84.
LaTeX Font Info:    External font `cmex10' loaded for size
(Font)              <12> on input line 84.
 [1

]
\openout2 = `00_abstract.aux'.

 (./00_abstract.tex
LaTeX Font Info:    Font shape `JT1/mc/bx/n' in size <14.4> not available
(Font)              Font shape `JT1/gt/m/n' tried instead on input line 10.
LaTeX Font Info:    Font shape `JY1/mc/bx/n' in size <14.4> not available
(Font)              Font shape `JY1/gt/m/n' tried instead on input line 10.
LaTeX Font Info:    Font shape `JT1/mc/bx/n' in size <17.28> not available
(Font)              Font shape `JT1/gt/m/n' tried instead on input line 10.
LaTeX Font Info:    Font shape `JY1/mc/bx/n' in size <17.28> not available
(Font)              Font shape `JY1/gt/m/n' tried instead on input line 10.
 [1


] [2

]) (./main.toc
LaTeX Font Info:    Font shape `JT1/mc/bx/n' in size <10.95> not available
(Font)              Font shape `JT1/gt/m/n' tried instead on input line 1.
LaTeX Font Info:    Font shape `JY1/mc/bx/n' in size <10.95> not available
(Font)              Font shape `JY1/gt/m/n' tried instead on input line 1.
LaTeX Font Info:    External font `cmex10' loaded for size
(Font)              <10.95> on input line 2.
LaTeX Font Info:    External font `cmex10' loaded for size
(Font)              <8> on input line 2.
LaTeX Font Info:    External font `cmex10' loaded for size
(Font)              <6> on input line 2.
 [3


] [4]
[5])
\tf@toc=\write3
\openout3 = `main.toc'.

 [6] (./main.lof [7])
\tf@lof=\write4
\openout4 = `main.lof'.

 [8] (./main.lot)
\tf@lot=\write5
\openout5 = `main.lot'.

 [9]
\openout2 = `01.aux'.

 (./01.tex
第 1 章
LaTeX Font Info:    Font shape `JT1/mc/bx/n' in size <12> not available
(Font)              Font shape `JT1/gt/m/n' tried instead on input line 17.
LaTeX Font Info:    Font shape `JY1/mc/bx/n' in size <12> not available
(Font)              Font shape `JY1/gt/m/n' tried instead on input line 17.
File: onlinemeeting_to_real.jpg Graphic file (type eps)
<onlinemeeting_to_real.jpg> [1



]
File: mehrabian.jpg Graphic file (type eps)
 <mehrabian.jpg> [2]
File: gap_rate.png Graphic file (type eps)
 <gap_rate.png>
File: depress_rate.png Graphic file (type eps)

<depress_rate.png> [3] [4]) [5]
\openout2 = `05.aux'.

 (./05.tex
第 2 章
File: universal_facial_expressipn.jpeg Graphic file (type eps)
<universal_facial_expressipn.jpeg>
File: emotion_graph.jpg Graphic file (type eps)
 <emotion_graph.jpg> [6



]
File: sony_smile_shutter.jpg Graphic file (type eps)

<sony_smile_shutter.jpg> [7] [8]
File: faus.jpg Graphic file (type eps)
 <faus.jpg>
File: faus2.jpg Graphic file (type eps)
 <faus2.jpg>) [9] [10]
\openout2 = `06.aux'.

 (./06.tex
第 3 章
File: system_flow.jpg Graphic file (type eps)
<system_flow.jpg> [11



]) [12] [13]
\openout2 = `07.aux'.

 (./07.tex
第 4 章
File: system_architecture.jpg Graphic file (type eps)
<system_architecture.jpg> [14



]
File: haarlikedetector.jpg Graphic file (type eps)
 <haarlikedetector.jpg> [15]
File: face_balance.jpg Graphic file (type eps)
 <face_balance.jpg>
File: showdata.jpg Graphic file (type eps)

<showdata.jpg> [16] [17] [18]) [19]
\openout2 = `08.aux'.

 (./08.tex
第 5 章
[20



]
File: seen1.jpg Graphic file (type eps)
 <seen1.jpg>
File: seen2.jpg Graphic file (type eps)
 <seen2.jpg>
File: seen3.jpg Graphic file (type eps)
 <seen3.jpg>
File: seen4.jpg Graphic file (type eps)
 <seen4.jpg>
File: seen5.jpg Graphic file (type eps)
 <seen5.jpg>
File: seen6.jpg Graphic file (type eps)
 <seen6.jpg>
File: seen7.jpg Graphic file (type eps)

<seen7.jpg>
File: seen8.jpg Graphic file (type eps)
 <seen8.jpg>
Overfull \hbox (69.64268pt too wide) in paragraph at lines 137--140
[]\JY1/mc/m/n/10.95 顔検出はオ ープンソ ースである \OT1/cmr/m/n/10.95 OpenCV \J
Y1/mc/m/n/10.95 の中に含まれるカスケ ードである\OT1/cmr/m/n/10.95 , haar-cas-ca
de[]frontalface[]default.xml
 []

[21] [22] [23] [24] [25] [26]
Overfull \hbox (27.37506pt too wide) in paragraph at lines 218--218
[][] 
 []


LaTeX Font Warning: Font shape `JT1/mc/m/sl' undefined
(Font)              using `JT1/mc/m/n' instead on input line 223.


LaTeX Font Warning: Font shape `JY1/mc/m/sl' undefined
(Font)              using `JY1/mc/m/n' instead on input line 223.

[27]
File: dlibfacepoits.jpg Graphic file (type eps)
 <dlibfacepoits.jpg>
File: face_convert.jpg Graphic file (type eps)
 <face_convert.jpg> [28] [29]
Overfull \hbox (27.37506pt too wide) in paragraph at lines 356--356
[][] 
 []

[30] [31]) [32]
\openout2 = `09.aux'.

 (./09.tex
第 6 章
[33



]
File: preex1.jpg Graphic file (type eps)
 <preex1.jpg>
File: preex2.jpg Graphic file (type eps)
 <preex2.jpg>
File: preex3.jpg Graphic file (type eps)
 <preex3.jpg>) [34] [35] [36]
\openout2 = `10.aux'.

 (./10.tex
第 7 章
[37



]
File: 20191122.jpg Graphic file (type eps)
 <20191122.jpg>
File: 20191123.jpg Graphic file (type eps)
 <20191123.jpg>
File: male_graph.jpg Graphic file (type eps)
 <male_graph.jpg>
File: female_graph.jpg Graphic file (type eps)
 <female_graph.jpg>
Overfull \hbox (2.43332pt too wide) in paragraph at lines 52--66
[][]$[]$[] []$[]$[] 
 []

[38] [39]
Overfull \hbox (2.08978pt too wide) in paragraph at lines 86--90
[]\OT1/cmr/m/n/10.95 ORF \JY1/mc/m/sl/10.95 の出展にて取得したユ ーザ ーの笑顔
動画デ ータに \OT1/cmr/m/n/10.95 Open-Face \JY1/mc/m/sl/10.95 を使 っ て\OT1/cm
r/m/n/10.95 ,Fa-cial Ac-tion Units(\JY1/mc/m/sl/10.95 以
 []

File: fau_smile.jpg Graphic file (type eps)
<fau_smile.jpg> [40]
File: choice_myself_fau_for_paper.jpg Graphic file (type eps)
 <choice_myself_fau_for_paper.jpg>
File: choose_else_for_paper.jpg Graphic file (type eps)

<choose_else_for_paper.jpg>
File: usage_guide_fau.jpg Graphic file (type eps)
 <usage_guide_fau.jpg> [41] [42] [43]
File: choice_gender.jpg Graphic file (type eps)

<choice_gender.jpg> [44]
File: user_fau/userfau_06.jpg Graphic file (type eps)
 <user_fau/userfau_06.jpg>
File: user_fau/userfau_07.jpg Graphic file (type eps)
 <user_fau/userfau_07.jpg>
Overfull \hbox (2.43332pt too wide) in paragraph at lines 200--214
[][]$[]$[] []$[]$[] 
 []

File: user_fau/userfau_12.jpg Graphic file (type eps)
<user_fau/userfau_12.jpg>
File: user_fau/userfau_25.jpg Graphic file (type eps)
 <user_fau/userfau_25.jpg>
Overfull \hbox (2.43332pt too wide) in paragraph at lines 217--231
[][]$[]$[] []$[]$[] 
 []

[45]
File: else_fau/elsefau_06.jpg Graphic file (type eps)
 <else_fau/elsefau_06.jpg>
File: else_fau/elsefau_07.jpg Graphic file (type eps)
 <else_fau/elsefau_07.jpg>
Overfull \hbox (2.43332pt too wide) in paragraph at lines 266--280
[][]$[]$[] []$[]$[] 
 []

File: else_fau/elsefau_12.jpg Graphic file (type eps)
<else_fau/elsefau_12.jpg>
File: else_fau/elsefau_25.jpg Graphic file (type eps)
 <else_fau/elsefau_25.jpg>
Overfull \hbox (2.43332pt too wide) in paragraph at lines 283--297
[][]$[]$[] []$[]$[] 
 []

[46] [47]) [48]
\openout2 = `11.aux'.

 (./11.tex
第 8 章
File: takashimaya.jpg Graphic file (type eps)
<takashimaya.jpg>
File: aeon.jpg Graphic file (type eps)
 <aeon.jpg>
File: itabashi.jpg Graphic file (type eps)
 <itabashi.jpg> [49



] [50]
File: lmo.jpg Graphic file (type eps)
 <lmo.jpg>
File: kyushu.jpg Graphic file (type eps)
 <kyushu.jpg>)
[51] [52]
\openout2 = `90_acknowledgment.aux'.

 (./90_acknowledgment.tex
Missing character: There is no ^^e3 in font cmr10!
Missing character: There is no ^^82 in font cmr10!
Missing character: There is no ^^9a in font cmr10!
) [53



]
\openout2 = `91_bibliography.aux'.

 (./91_bibliography.tex (./main.bbl

LaTeX Font Warning: Font shape `JT1/gt/m/it' undefined
(Font)              using `JT1/gt/m/n' instead on input line 20.


LaTeX Font Warning: Font shape `JY1/gt/m/it' undefined
(Font)              using `JY1/gt/m/n' instead on input line 20.

[54



])) [55]
\openout2 = `92_appendix.aux'.

 (./92_appendix.tex
付 録 A  
File: muslimvistor.jpg Graphic file (type eps)
<muslimvistor.jpg> [56



]
File: halal_checker_system.jpg Graphic file (type eps)
 <halal_checker_system.jpg> [57]
File: hc_title.jpg Graphic file (type eps)
 <hc_title.jpg>
File: hc_result.jpg Graphic file (type eps)

<hc_result.jpg>
Overfull \hbox (2.43332pt too wide) in paragraph at lines 75--89
[][]$[]$[] []$[]$[] 
 []

) [58] [59] [60] (./main.aux (./00_abstract.aux) (./01.aux) (./05.aux)
(./06.aux) (./07.aux) (./08.aux) (./09.aux) (./10.aux) (./11.aux)
(./90_acknowledgment.aux) (./91_bibliography.aux) (./92_appendix.aux))

LaTeX Font Warning: Some font shapes were not available, defaults substituted.


LaTeX Warning: There were multiply-defined labels.

 ) 
Here is how much of TeX's memory you used:
 2810 strings out of 493642
 38342 string characters out of 6148747
 113226 words of memory out of 5000000
 6260 multiletter control sequences out of 15000+600000
 19899 words of font info for 77 fonts, out of 8000000 for 9000
 929 hyphenation exceptions out of 8191
 26i,9n,32p,389b,1625s stack positions out of 5000i,500n,10000p,200000b,80000s

Output written on main.dvi (70 pages, 226920 bytes).
